2025-10-30 20:20:04,087 - INFO - Запуск скрипта скрапинга Wikipedia
2025-10-30 20:20:04,087 - INFO - URL: https://www.wikipedia.org/
2025-10-30 20:20:04,087 - INFO - Headless режим: False
2025-10-30 20:20:04,087 - INFO - Размер окна: {'width': 1280, 'height': 720}
2025-10-30 20:20:04,088 - INFO - Ключевые слова: None
2025-10-30 20:20:04,088 - INFO - Инициализация браузера Playwright
2025-10-30 20:20:05,586 - INFO - Браузер запущен с размером окна: {'width': 1280, 'height': 720}
2025-10-30 20:20:05,586 - INFO - Переход на URL: https://www.wikipedia.org/
2025-10-30 20:20:07,278 - INFO - Страница успешно загружена
2025-10-30 20:20:07,278 - INFO - Ожидание загрузки ключевых элементов страницы
2025-10-30 20:20:07,332 - INFO - Создание скриншота: wikipedia_20251030_202007.png
2025-10-30 20:20:07,554 - INFO - Скриншот сохранен: screenshots\wikipedia_20251030_202007.png
2025-10-30 20:20:07,554 - INFO - Извлечение заголовков новостей и статей
2025-10-30 20:20:07,661 - INFO - Извлечено заголовков: 12
2025-10-30 20:20:07,661 - INFO - Извлечение ссылок со страницы
2025-10-30 20:20:10,221 - INFO - Извлечено ссылок: 374
2025-10-30 20:20:10,221 - INFO - Генерация статистики
2025-10-30 20:20:10,222 - INFO - Сохранение данных в файл: wikipedia_data_20251030_202007.json
2025-10-30 20:20:10,222 - INFO - Создана папка: data
2025-10-30 20:20:10,224 - INFO - Данные успешно сохранены в: data\wikipedia_data_20251030_202007.json
2025-10-30 20:20:10,224 - INFO - Очистка ресурсов
